<?xml version="1.0" encoding="UTF-8"?>
<robot generator="Robot 7.0 (Python 3.9.0 on win32)" generated="2024-04-04T16:34:07.750414" rpa="false" schemaversion="5">
<suite id="s1" name="loginTest" source="c:\Users\sukan\Desktop\seleniumRobot\loginTest.robot">
<test id="s1-t1" name="Open browser and login" line="14">
<kw name="Open Browser" owner="SeleniumLibrary">
<msg time="2024-04-04T16:34:08.003573" level="INFO">Opening browser 'Chrome' to base url 'https://practice.expandtesting.com/login'.</msg>
<arg>${LOGIN_URL}</arg>
<arg>browser=${BROWSER}</arg>
<doc>Opens a new browser instance to the optional ``url``.</doc>
<status status="PASS" start="2024-04-04T16:34:08.002515" elapsed="3.516016"/>
</kw>
<kw name="Input Text" owner="SeleniumLibrary">
<msg time="2024-04-04T16:34:11.520544" level="INFO">Typing text 'practice' into text field 'id = username'.</msg>
<arg>id = username</arg>
<arg>${USERNAME}</arg>
<doc>Types the given ``text`` into the text field identified by ``locator``.</doc>
<status status="PASS" start="2024-04-04T16:34:11.519535" elapsed="0.124883"/>
</kw>
<kw name="Input Password" owner="SeleniumLibrary">
<msg time="2024-04-04T16:34:11.645996" level="INFO">Typing password into text field 'id = password'.</msg>
<msg time="2024-04-04T16:34:11.689322" level="INFO">Temporally setting log level to: NONE</msg>
<arg>id = password</arg>
<arg>${PASSWORD}</arg>
<doc>Types the given password into the text field identified by ``locator``.</doc>
<status status="PASS" start="2024-04-04T16:34:11.644418" elapsed="0.158561"/>
</kw>
<kw name="Click Button" owner="SeleniumLibrary">
<msg time="2024-04-04T16:34:11.804011" level="INFO">Clicking button 'css:button[type='submit']'.</msg>
<arg>css:button[type='submit']</arg>
<doc>Clicks the button identified by ``locator``.</doc>
<status status="PASS" start="2024-04-04T16:34:11.804011" elapsed="1.182327"/>
</kw>
<kw name="Wait Until Page Contains Element" owner="SeleniumLibrary">
<arg>css=.alert-success</arg>
<arg>timeout=10s</arg>
<doc>Waits until the element ``locator`` appears on the current page.</doc>
<status status="PASS" start="2024-04-04T16:34:12.988142" elapsed="0.013045"/>
</kw>
<kw name="Get Text" owner="SeleniumLibrary">
<msg time="2024-04-04T16:34:13.025222" level="INFO">${success_message} = You logged into a secure area!</msg>
<var>${success_message}</var>
<arg>css=.alert-success</arg>
<doc>Returns the text value of the element identified by ``locator``.</doc>
<status status="PASS" start="2024-04-04T16:34:13.001187" elapsed="0.024035"/>
</kw>
<kw name="Should Be Equal As Strings" owner="BuiltIn">
<arg>${success_message}</arg>
<arg>${EXPECTED_TITLE}</arg>
<doc>Fails if objects are unequal after converting them to strings.</doc>
<status status="PASS" start="2024-04-04T16:34:13.025222" elapsed="0.000989"/>
</kw>
<kw name="Close Browser" owner="SeleniumLibrary" type="TEARDOWN">
<doc>Closes the current browser.</doc>
<status status="PASS" start="2024-04-04T16:34:13.027212" elapsed="2.126679"/>
</kw>
<status status="PASS" start="2024-04-04T16:34:08.001469" elapsed="7.152422"/>
</test>
<kw name="Close All Browsers" owner="SeleniumLibrary" type="TEARDOWN">
<doc>Closes all open browsers and resets the browser cache.</doc>
<status status="PASS" start="2024-04-04T16:34:15.153891" elapsed="0.000000"/>
</kw>
<status status="PASS" start="2024-04-04T16:34:07.762710" elapsed="7.391181"/>
</suite>
<statistics>
<total>
<stat pass="1" fail="0" skip="0">All Tests</stat>
</total>
<tag>
</tag>
<suite>
<stat pass="1" fail="0" skip="0" id="s1" name="loginTest">loginTest</stat>
</suite>
</statistics>
<errors>
</errors>
</robot>
