<?xml version="1.0" encoding="UTF-8"?>
<robot generator="Robot 7.0 (Python 3.9.0 on win32)" generated="2024-04-04T21:02:19.627498" rpa="false" schemaversion="5">
<suite id="s1" name="addRemove" source="c:\Users\sukan\Desktop\seleniumRobot\addRemove.robot">
<test id="s1-t1" name="Add And RemoveElements Test" line="9">
<kw name="Open Browser" owner="SeleniumLibrary">
<msg time="2024-04-04T21:02:19.929691" level="INFO">Opening browser 'Chrome' to base url 'https://practice.expandtesting.com/add-remove-elements'.</msg>
<arg>${URL}</arg>
<arg>${BROWSER}</arg>
<doc>Opens a new browser instance to the optional ``url``.</doc>
<status status="PASS" start="2024-04-04T21:02:19.929691" elapsed="4.385266"/>
</kw>
<kw name="Maximize Browser Window" owner="SeleniumLibrary">
<doc>Maximizes current browser window.</doc>
<status status="PASS" start="2024-04-04T21:02:24.316953" elapsed="0.130139"/>
</kw>
<kw name="Add Elements">
<kw name="Click Element" owner="SeleniumLibrary">
<msg time="2024-04-04T21:02:24.458485" level="INFO">Clicking element 'xpath=//button[@onclick='addElement()']'.</msg>
<arg>xpath=//button[@onclick='addElement()']</arg>
<doc>Click the element identified by ``locator``.</doc>
<status status="PASS" start="2024-04-04T21:02:24.455123" elapsed="0.089083"/>
</kw>
<kw name="Sleep" owner="BuiltIn">
<msg time="2024-04-04T21:02:25.554547" level="INFO">Slept 1 second.</msg>
<arg>1s</arg>
<doc>Pauses the test executed for the given time.</doc>
<status status="PASS" start="2024-04-04T21:02:24.544206" elapsed="1.010341"/>
</kw>
<status status="PASS" start="2024-04-04T21:02:24.447092" elapsed="1.107455"/>
</kw>
<kw name="Remove Elements">
<kw name="Click Element" owner="SeleniumLibrary">
<msg time="2024-04-04T21:02:25.557082" level="INFO">Clicking element 'xpath=//button[@onclick='deleteElement()']'.</msg>
<arg>xpath=//button[@onclick='deleteElement()']</arg>
<doc>Click the element identified by ``locator``.</doc>
<status status="PASS" start="2024-04-04T21:02:25.554547" elapsed="0.048084"/>
</kw>
<kw name="Sleep" owner="BuiltIn">
<msg time="2024-04-04T21:02:26.609917" level="INFO">Slept 1 second.</msg>
<arg>1s</arg>
<doc>Pauses the test executed for the given time.</doc>
<status status="PASS" start="2024-04-04T21:02:25.603646" elapsed="1.006271"/>
</kw>
<status status="PASS" start="2024-04-04T21:02:25.554547" elapsed="1.055370"/>
</kw>
<kw name="Close Browser" owner="SeleniumLibrary">
<doc>Closes the current browser.</doc>
<status status="PASS" start="2024-04-04T21:02:26.609917" elapsed="2.166885"/>
</kw>
<status status="PASS" start="2024-04-04T21:02:19.929691" elapsed="8.847111"/>
</test>
<status status="PASS" start="2024-04-04T21:02:19.633631" elapsed="9.143171"/>
</suite>
<statistics>
<total>
<stat pass="1" fail="0" skip="0">All Tests</stat>
</total>
<tag>
</tag>
<suite>
<stat pass="1" fail="0" skip="0" id="s1" name="addRemove">addRemove</stat>
</suite>
</statistics>
<errors>
</errors>
</robot>
