<?xml version="1.0" encoding="UTF-8"?>
<robot generator="Robot 7.0 (Python 3.9.0 on win32)" generated="2024-04-04T21:17:15.120340" rpa="false" schemaversion="5">
<suite id="s1" name="addRemove" source="c:\Users\sukan\Desktop\seleniumRobot\addRemove.robot">
<test id="s1-t1" name="Add And RemoveElements Test" line="9">
<kw name="Open Browser" owner="SeleniumLibrary">
<msg time="2024-04-04T21:17:15.305290" level="INFO">Opening browser 'Chrome' to base url 'https://practice.expandtesting.com/add-remove-elements'.</msg>
<arg>${URL}</arg>
<arg>${BROWSER}</arg>
<doc>Opens a new browser instance to the optional ``url``.</doc>
<status status="PASS" start="2024-04-04T21:17:15.305290" elapsed="2.689401"/>
</kw>
<kw name="Add Elements">
<kw name="Click Element" owner="SeleniumLibrary">
<msg time="2024-04-04T21:17:17.994691" level="INFO">Clicking element 'xpath=//button[@onclick='addElement()']'.</msg>
<arg>xpath=//button[@onclick='addElement()']</arg>
<doc>Click the element identified by ``locator``.</doc>
<status status="PASS" start="2024-04-04T21:17:17.994691" elapsed="0.078655"/>
</kw>
<kw name="Sleep" owner="BuiltIn">
<msg time="2024-04-04T21:17:20.086728" level="INFO">Slept 2 seconds.</msg>
<arg>2s</arg>
<doc>Pauses the test executed for the given time.</doc>
<status status="PASS" start="2024-04-04T21:17:18.073346" elapsed="2.013382"/>
</kw>
<status status="PASS" start="2024-04-04T21:17:17.994691" elapsed="2.092037"/>
</kw>
<kw name="Remove Elements">
<kw name="Click Element" owner="SeleniumLibrary">
<msg time="2024-04-04T21:17:20.086728" level="INFO">Clicking element 'xpath=//button[@onclick='deleteElement()']'.</msg>
<arg>xpath=//button[@onclick='deleteElement()']</arg>
<doc>Click the element identified by ``locator``.</doc>
<status status="PASS" start="2024-04-04T21:17:20.086728" elapsed="0.045511"/>
</kw>
<kw name="Sleep" owner="BuiltIn">
<msg time="2024-04-04T21:17:22.143009" level="INFO">Slept 2 seconds.</msg>
<arg>2s</arg>
<doc>Pauses the test executed for the given time.</doc>
<status status="PASS" start="2024-04-04T21:17:20.133760" elapsed="2.009249"/>
</kw>
<status status="PASS" start="2024-04-04T21:17:20.086728" elapsed="2.056281"/>
</kw>
<kw name="Close Browser" owner="SeleniumLibrary">
<doc>Closes the current browser.</doc>
<status status="PASS" start="2024-04-04T21:17:22.143009" elapsed="2.146775"/>
</kw>
<status status="PASS" start="2024-04-04T21:17:15.305290" elapsed="8.984494"/>
</test>
<status status="PASS" start="2024-04-04T21:17:15.126108" elapsed="9.163676"/>
</suite>
<statistics>
<total>
<stat pass="1" fail="0" skip="0">All Tests</stat>
</total>
<tag>
</tag>
<suite>
<stat pass="1" fail="0" skip="0" id="s1" name="addRemove">addRemove</stat>
</suite>
</statistics>
<errors>
</errors>
</robot>
