<?xml version="1.0" encoding="UTF-8"?>
<robot generator="Robot 7.0 (Python 3.9.0 on win32)" generated="2024-04-18T15:30:23.963845" rpa="false" schemaversion="5">
<suite id="s1" name="alertMessage" source="c:\Users\sukan\Desktop\seleniumRobot\alertMessage.robot">
<test id="s1-t1" name="Wait For Click And Verify Result Test" line="13">
<kw name="Open Browser" owner="SeleniumLibrary">
<msg time="2024-04-18T15:30:24.176105" level="INFO">Opening browser 'Chrome' to base url 'https://practice.expandtesting.com/notification-message-rendered'.</msg>
<arg>${URL}</arg>
<arg>${BROWSER}</arg>
<doc>Opens a new browser instance to the optional ``url``.</doc>
<status status="PASS" start="2024-04-18T15:30:24.176105" elapsed="2.903042"/>
</kw>
<kw name="Wait Until Page Contains Element" owner="SeleniumLibrary">
<arg>${BUTTON_LOCATOR}</arg>
<arg>${TIMEOUT}</arg>
<doc>Waits until the element ``locator`` appears on the current page.</doc>
<status status="PASS" start="2024-04-18T15:30:27.080651" elapsed="0.015123"/>
</kw>
<kw name="Run Keyword And Return Status" owner="BuiltIn">
<kw name="Element Should Be Visible" owner="SeleniumLibrary">
<msg time="2024-04-18T15:30:27.166140" level="INFO">Element 'xpath=//a[contains(text(),'Click here')]' is displayed.</msg>
<arg>${BUTTON_LOCATOR}</arg>
<doc>Verifies that the element identified by ``locator`` is visible.</doc>
<status status="PASS" start="2024-04-18T15:30:27.095774" elapsed="0.070366"/>
</kw>
<msg time="2024-04-18T15:30:27.166140" level="INFO">${is_button_visible} = True</msg>
<var>${is_button_visible}</var>
<arg>Element Should Be Visible</arg>
<arg>${BUTTON_LOCATOR}</arg>
<doc>Runs the given keyword with given arguments and returns the status as a Boolean value.</doc>
<status status="PASS" start="2024-04-18T15:30:27.095774" elapsed="0.070366"/>
</kw>
<kw name="Run Keyword If" owner="BuiltIn">
<kw name="Click Element" owner="SeleniumLibrary">
<msg time="2024-04-18T15:30:27.167140" level="INFO">Clicking element 'xpath=//a[contains(text(),'Click here')]'.</msg>
<arg>${BUTTON_LOCATOR}</arg>
<doc>Click the element identified by ``locator``.</doc>
<status status="PASS" start="2024-04-18T15:30:27.167140" elapsed="1.132304"/>
</kw>
<arg>'${is_button_visible}' == 'True'</arg>
<arg>Click Element</arg>
<arg>${BUTTON_LOCATOR}</arg>
<arg>ELSE</arg>
<arg>Fail</arg>
<arg>Button not visible within timeout</arg>
<doc>Runs the given keyword with the given arguments, if ``condition`` is true.</doc>
<status status="PASS" start="2024-04-18T15:30:27.167140" elapsed="1.133399"/>
</kw>
<kw name="Run Keyword And Return Status" owner="BuiltIn">
<kw name="Wait Until Page Contains" owner="SeleniumLibrary">
<msg time="2024-04-18T15:30:28.302927" level="FAIL">ValueError: Argument 'timeout' got value 'Action successful!' that cannot be converted to timedelta or None.</msg>
<arg>${TIMEOUT}</arg>
<arg>${SUCCESSFUL_MESSAGE}</arg>
<doc>Waits until ``text`` appears on the current page.</doc>
<status status="FAIL" start="2024-04-18T15:30:28.301533" elapsed="0.001394">ValueError: Argument 'timeout' got value 'Action successful!' that cannot be converted to timedelta or None.</status>
</kw>
<msg time="2024-04-18T15:30:28.302927" level="INFO">${is_successful} = False</msg>
<var>${is_successful}</var>
<arg>Wait Until Page Contains</arg>
<arg>${TIMEOUT}</arg>
<arg>${SUCCESSFUL_MESSAGE}</arg>
<doc>Runs the given keyword with given arguments and returns the status as a Boolean value.</doc>
<status status="PASS" start="2024-04-18T15:30:28.301533" elapsed="0.001394"/>
</kw>
<kw name="Run Keyword And Return Status" owner="BuiltIn">
<kw name="Wait Until Page Contains" owner="SeleniumLibrary">
<msg time="2024-04-18T15:30:28.304930" level="FAIL">ValueError: Argument 'timeout' got value 'Action unsuccessful, please try again' that cannot be converted to timedelta or None.</msg>
<arg>${TIMEOUT}</arg>
<arg>${UNSUCCESSFUL_MESSAGE}</arg>
<doc>Waits until ``text`` appears on the current page.</doc>
<status status="FAIL" start="2024-04-18T15:30:28.304930" elapsed="0.000000">ValueError: Argument 'timeout' got value 'Action unsuccessful, please try again' that cannot be converted to timedelta or None.</status>
</kw>
<msg time="2024-04-18T15:30:28.304930" level="INFO">${is_unsuccessful} = False</msg>
<var>${is_unsuccessful}</var>
<arg>Wait Until Page Contains</arg>
<arg>${TIMEOUT}</arg>
<arg>${UNSUCCESSFUL_MESSAGE}</arg>
<doc>Runs the given keyword with given arguments and returns the status as a Boolean value.</doc>
<status status="PASS" start="2024-04-18T15:30:28.303933" elapsed="0.000997"/>
</kw>
<kw name="Run Keyword If" owner="BuiltIn">
<arg>${is_successful}</arg>
<arg>Log</arg>
<arg>Successful message detected</arg>
<doc>Runs the given keyword with the given arguments, if ``condition`` is true.</doc>
<status status="PASS" start="2024-04-18T15:30:28.305930" elapsed="0.000000"/>
</kw>
<kw name="Run Keyword If" owner="BuiltIn">
<arg>${is_unsuccessful}</arg>
<arg>Log</arg>
<arg>Unsuccessful message detected</arg>
<doc>Runs the given keyword with the given arguments, if ``condition`` is true.</doc>
<status status="PASS" start="2024-04-18T15:30:28.306930" elapsed="0.000000"/>
</kw>
<status status="PASS" start="2024-04-18T15:30:24.174188" elapsed="4.133742"/>
</test>
<status status="PASS" start="2024-04-18T15:30:23.968834" elapsed="4.341751"/>
</suite>
<statistics>
<total>
<stat pass="1" fail="0" skip="0">All Tests</stat>
</total>
<tag>
</tag>
<suite>
<stat pass="1" fail="0" skip="0" id="s1" name="alertMessage">alertMessage</stat>
</suite>
</statistics>
<errors>
</errors>
</robot>
