<?xml version="1.0" encoding="UTF-8"?>
<robot generator="Robot 7.0 (Python 3.9.0 on win32)" generated="2024-04-18T15:33:58.897117" rpa="false" schemaversion="5">
<suite id="s1" name="addRemove" source="c:\Users\sukan\Desktop\seleniumRobot\addRemove.robot">
<test id="s1-t1" name="Add And RemoveElements Test" line="9">
<kw name="Open Browser" owner="SeleniumLibrary">
<msg time="2024-04-18T15:33:59.116275" level="INFO">Opening browser 'Chrome' to base url 'https://practice.expandtesting.com/add-remove-elements'.</msg>
<arg>${URL}</arg>
<arg>${BROWSER}</arg>
<doc>Opens a new browser instance to the optional ``url``.</doc>
<status status="PASS" start="2024-04-18T15:33:59.116275" elapsed="2.981093"/>
</kw>
<kw name="Add Elements">
<kw name="Click Element" owner="SeleniumLibrary">
<msg time="2024-04-18T15:34:02.100598" level="INFO">Clicking element 'xpath=//button[@onclick='addElement()']'.</msg>
<arg>xpath=//button[@onclick='addElement()']</arg>
<doc>Click the element identified by ``locator``.</doc>
<status status="PASS" start="2024-04-18T15:34:02.100598" elapsed="0.072684"/>
</kw>
<kw name="Sleep" owner="BuiltIn">
<msg time="2024-04-18T15:34:04.188354" level="INFO">Slept 2 seconds.</msg>
<arg>2s</arg>
<doc>Pauses the test executed for the given time.</doc>
<status status="PASS" start="2024-04-18T15:34:02.173282" elapsed="2.015843"/>
</kw>
<status status="PASS" start="2024-04-18T15:34:02.099425" elapsed="2.089700"/>
</kw>
<kw name="Remove Elements">
<kw name="Click Element" owner="SeleniumLibrary">
<msg time="2024-04-18T15:34:04.191131" level="INFO">Clicking element 'xpath=//button[@onclick='deleteElement()']'.</msg>
<arg>xpath=//button[@onclick='deleteElement()']</arg>
<doc>Click the element identified by ``locator``.</doc>
<status status="PASS" start="2024-04-18T15:34:04.190138" elapsed="0.070410"/>
</kw>
<kw name="Sleep" owner="BuiltIn">
<msg time="2024-04-18T15:34:06.271603" level="INFO">Slept 2 seconds.</msg>
<arg>2s</arg>
<doc>Pauses the test executed for the given time.</doc>
<status status="PASS" start="2024-04-18T15:34:04.261463" elapsed="2.010140"/>
</kw>
<status status="PASS" start="2024-04-18T15:34:04.190138" elapsed="2.081465"/>
</kw>
<kw name="Close Browser" owner="SeleniumLibrary">
<doc>Closes the current browser.</doc>
<status status="PASS" start="2024-04-18T15:34:06.271603" elapsed="2.142996"/>
</kw>
<status status="PASS" start="2024-04-18T15:33:59.116275" elapsed="9.298324"/>
</test>
<status status="PASS" start="2024-04-18T15:33:58.904759" elapsed="9.509840"/>
</suite>
<statistics>
<total>
<stat pass="1" fail="0" skip="0">All Tests</stat>
</total>
<tag>
</tag>
<suite>
<stat pass="1" fail="0" skip="0" id="s1" name="addRemove">addRemove</stat>
</suite>
</statistics>
<errors>
</errors>
</robot>
