<?xml version="1.0" encoding="UTF-8"?>
<robot generator="Robot 7.0 (Python 3.9.0 on win32)" generated="2024-04-18T17:20:04.055138" rpa="false" schemaversion="5">
<suite id="s1" name="forgetPassword" source="c:\Users\sukan\Desktop\seleniumRobot\forgetPassword.robot">
<test id="s1-t1" name="Open browser and login" line="13">
<kw name="Open Browser" owner="SeleniumLibrary">
<msg time="2024-04-18T17:20:04.270547" level="INFO">Opening browser 'Chrome' to base url 'https://practice.expandtesting.com/forgot-password'.</msg>
<arg>${LOGIN_URL}</arg>
<arg>browser=${BROWSER}</arg>
<doc>Opens a new browser instance to the optional ``url``.</doc>
<status status="PASS" start="2024-04-18T17:20:04.270547" elapsed="2.847443"/>
</kw>
<kw name="Input Text" owner="SeleniumLibrary">
<msg time="2024-04-18T17:20:07.119984" level="INFO">Typing text 'test12334@gmail.com' into text field 'id = email'.</msg>
<arg>id = email</arg>
<arg>${EMAIL}</arg>
<doc>Types the given ``text`` into the text field identified by ``locator``.</doc>
<status status="PASS" start="2024-04-18T17:20:07.118985" elapsed="0.165476"/>
</kw>
<kw name="Click Button" owner="SeleniumLibrary">
<msg time="2024-04-18T17:20:07.285681" level="INFO">Clicking button '//*[@id="forgot_password"]/button'.</msg>
<arg>//*[@id="forgot_password"]/button</arg>
<doc>Clicks the button identified by ``locator``.</doc>
<status status="PASS" start="2024-04-18T17:20:07.285681" elapsed="0.900611"/>
</kw>
<kw name="Wait Until Page Contains Element" owner="SeleniumLibrary">
<arg>id= confirmation-alert</arg>
<arg>timeout=20s</arg>
<doc>Waits until the element ``locator`` appears on the current page.</doc>
<status status="PASS" start="2024-04-18T17:20:08.187291" elapsed="0.017553"/>
</kw>
<kw name="Get Text" owner="SeleniumLibrary">
<msg time="2024-04-18T17:20:08.233912" level="INFO">${success_message} = An e-mail has been sent to you which explains how to reset your password.</msg>
<var>${success_message}</var>
<arg>id= confirmation-alert</arg>
<doc>Returns the text value of the element identified by ``locator``.</doc>
<status status="PASS" start="2024-04-18T17:20:08.204844" elapsed="0.030068"/>
</kw>
<kw name="Close Browser" owner="SeleniumLibrary" type="TEARDOWN">
<doc>Closes the current browser.</doc>
<status status="PASS" start="2024-04-18T17:20:08.234912" elapsed="2.146123"/>
</kw>
<status status="PASS" start="2024-04-18T17:20:04.268509" elapsed="6.112526"/>
</test>
<kw name="Close All Browsers" owner="SeleniumLibrary" type="TEARDOWN">
<doc>Closes all open browsers and resets the browser cache.</doc>
<status status="PASS" start="2024-04-18T17:20:10.381035" elapsed="0.000000"/>
</kw>
<status status="PASS" start="2024-04-18T17:20:04.061070" elapsed="6.319965"/>
</suite>
<statistics>
<total>
<stat pass="1" fail="0" skip="0">All Tests</stat>
</total>
<tag>
</tag>
<suite>
<stat pass="1" fail="0" skip="0" id="s1" name="forgetPassword">forgetPassword</stat>
</suite>
</statistics>
<errors>
</errors>
</robot>
